\BOOKMARK [0][-]{chapter*.1}{\376\377\166\356\137\125}{}% 1
\BOOKMARK [0][-]{chapter.1}{\376\377\131\015\145\160\116\016\131\015\123\330\121\375\145\160}{}% 2
\BOOKMARK [1][-]{section.1.1}{\376\377\131\015\145\160\166\204\127\372\147\054\217\320\173\227\116\016\122\035\173\111\121\375\145\160}{chapter.1}% 3
\BOOKMARK [2][-]{subsection.1.1.1}{\376\377\131\015\145\160\166\204\147\201\127\120\150\007\116\016\143\007\145\160\137\142\137\017}{section.1.1}% 4
\BOOKMARK [2][-]{subsection.1.1.2}{\376\377\133\371\145\160\121\375\145\160}{section.1.1}% 5
\BOOKMARK [2][-]{subsection.1.1.3}{\376\377\150\343\203\253\137\027\121\154\137\017}{section.1.1}% 6
\BOOKMARK [2][-]{subsection.1.1.4}{\376\377\153\047\142\311\121\154\137\017\116\016\116\011\211\322\121\375\145\160}{section.1.1}% 7
\BOOKMARK [3][-]{subsubsection.1.1.4.1}{\376\377\153\047\142\311\121\154\137\017\377\010\150\070\137\303\377\011}{subsection.1.1.4}% 8
\BOOKMARK [3][-]{subsubsection.1.1.4.2}{\376\377\131\015\123\330\221\317\116\011\211\322\121\375\145\160}{subsection.1.1.4}% 9
\BOOKMARK [0][-]{chapter.2}{\376\377\211\343\147\220\121\375\145\160}{}% 10
\BOOKMARK [1][-]{section.2.1}{\376\377\123\357\133\374\116\016\211\343\147\220\166\204\147\141\116\366}{chapter.2}% 11
\BOOKMARK [2][-]{subsection.2.1.1}{\376\377\147\357\211\177\000-\236\316\146\374\147\141\116\366}{section.2.1}% 12
\BOOKMARK [2][-]{subsection.2.1.2}{\376\377\214\003\124\214\121\375\145\160\116\016\121\161\217\155\214\003\124\214\121\375\145\160}{section.2.1}% 13
\BOOKMARK [0][-]{chapter.3}{\376\377\131\015\123\330\121\375\145\160\166\204\171\357\122\006}{}% 14
\BOOKMARK [1][-]{section.3.1}{\376\377\131\015\171\357\122\006\166\204\133\232\116\111\116\016\213\241\173\227}{chapter.3}% 15
\BOOKMARK [1][-]{section.3.2}{\376\377\147\357\211\177\171\357\122\006\133\232\164\006}{chapter.3}% 16
\BOOKMARK [2][-]{subsection.3.2.1}{\376\377\123\125\217\336\220\032\123\072\127\337}{section.3.2}% 17
\BOOKMARK [2][-]{subsection.3.2.2}{\376\377\131\032\217\336\220\032\123\072\127\337}{section.3.2}% 18
\BOOKMARK [1][-]{section.3.3}{\376\377\147\357\211\177\171\357\122\006\121\154\137\017}{chapter.3}% 19
\BOOKMARK [1][-]{section.3.4}{\376\377\147\000\131\047\152\041\123\237\164\006}{chapter.3}% 20
\BOOKMARK [0][-]{chapter.4}{\376\377\176\247\145\160}{}% 21
\BOOKMARK [1][-]{section.4.1}{\376\377\145\160\230\171\176\247\145\160\166\204\127\372\147\054\140\047\215\050}{chapter.4}% 22
\BOOKMARK [1][-]{section.4.2}{\376\377\136\102\176\247\145\160\166\204\145\066\145\133\123\112\137\204}{chapter.4}% 23
\BOOKMARK [2][-]{subsection.4.2.1}{\376\377\217\276\147\027\215\035\134\024\150\300\153\324\154\325}{section.4.2}% 24
\BOOKMARK [2][-]{subsection.4.2.2}{\376\377\147\357\211\177\150\300\150\071\154\325}{section.4.2}% 25
\BOOKMARK [1][-]{section.4.3}{\376\377\154\360\122\322\134\125\137\000}{chapter.4}% 26
\BOOKMARK [1][-]{section.4.4}{\376\377\155\033\147\027\134\125\137\000}{chapter.4}% 27
\BOOKMARK [0][-]{chapter.5}{\376\377\165\131\145\160}{}% 28
\BOOKMARK [1][-]{section.5.1}{\376\377\133\144\172\313\131\107\160\271\116\016\165\131\145\160\166\204\133\232\116\111}{chapter.5}% 29
\BOOKMARK [2][-]{subsection.5.1.1}{\376\377\165\131\145\160\127\372\147\054\133\232\164\006}{section.5.1}% 30
\BOOKMARK [1][-]{section.5.2}{\376\377\133\144\172\313\131\107\160\271\166\204\122\006\174\173}{chapter.5}% 31
\BOOKMARK [2][-]{subsection.5.2.1}{\376\377\226\366\160\271\116\016\147\201\160\271\166\204\121\163\174\373}{section.5.2}% 32
\BOOKMARK [2][-]{subsection.5.2.2}{\376\377\000P\000i\000c\000a\000r\000d\000\040\131\047\133\232\164\006}{section.5.2}% 33
\BOOKMARK [1][-]{section.5.3}{\376\377\165\131\145\160\166\204\213\241\173\227}{chapter.5}% 34
\BOOKMARK [1][-]{section.5.4}{\376\377\145\340\172\167\217\334\160\271\166\204\165\131\145\160}{chapter.5}% 35
\BOOKMARK [0][-]{chapter.6}{\376\377\120\205\221\314\123\366\123\330\143\142}{}% 36
\BOOKMARK [1][-]{section.6.1}{\376\377\176\335\133\371\123\357\171\357\121\375\145\160}{chapter.6}% 37
\BOOKMARK [1][-]{section.6.2}{\376\377\120\205\221\314\123\366\123\330\143\142\166\204\140\047\215\050}{chapter.6}% 38
\BOOKMARK [2][-]{subsection.6.2.1}{\376\377\176\277\140\047\140\047\215\050}{section.6.2}% 39
\BOOKMARK [2][-]{subsection.6.2.2}{\376\377\117\070\177\051\116\016\136\163\171\373\140\047\215\050}{section.6.2}% 40
\BOOKMARK [2][-]{subsection.6.2.3}{\376\377\123\167\171\357\140\047\215\050}{section.6.2}% 41
\BOOKMARK [2][-]{subsection.6.2.4}{\376\377\137\256\122\006\140\047\215\050}{section.6.2}% 42
\BOOKMARK [2][-]{subsection.6.2.5}{\376\377\136\025\130\136\164\346\134\024\140\122\173\111\137\017}{section.6.2}% 43
\BOOKMARK [1][-]{section.6.3}{\376\377\136\177\116\111\120\205\221\314\123\366\123\330\143\142}{chapter.6}% 44
\BOOKMARK [0][-]{chapter.7}{\376\377\142\311\146\156\142\311\145\257\123\330\143\142}{}% 45
\BOOKMARK [1][-]{section.7.1}{\376\377\142\311\146\156\142\311\145\257\123\330\143\142\166\204\133\232\116\111}{chapter.7}% 46
\BOOKMARK [1][-]{section.7.2}{\376\377\136\070\165\050\142\311\146\156\142\311\145\257\123\330\143\142\121\154\137\017}{chapter.7}% 47
\BOOKMARK [1][-]{section.7.3}{\376\377\142\311\146\156\142\311\145\257\123\330\143\142\166\204\140\047\215\050}{chapter.7}% 48
\BOOKMARK [2][-]{subsection.7.3.1}{\376\377\176\277\140\047\140\047\215\050}{section.7.3}% 49
\BOOKMARK [2][-]{subsection.7.3.2}{\376\377\166\370\117\074\140\047\215\050}{section.7.3}% 50
\BOOKMARK [2][-]{subsection.7.3.3}{\376\377\136\366\217\337\140\047\215\050\116\016\117\115\171\373\140\047\215\050}{section.7.3}% 51
\BOOKMARK [2][-]{subsection.7.3.4}{\376\377\137\256\122\006\140\047\215\050}{section.7.3}% 52
\BOOKMARK [2][-]{subsection.7.3.5}{\376\377\171\357\122\006\140\047\215\050}{section.7.3}% 53
\BOOKMARK [2][-]{subsection.7.3.6}{\376\377\123\167\171\357\116\016\123\167\171\357\133\232\164\006}{section.7.3}% 54
\BOOKMARK [2][-]{subsection.7.3.7}{\376\377\122\035\120\074\116\016\176\310\120\074\133\232\164\006}{section.7.3}% 55
\BOOKMARK [1][-]{section.7.4}{\376\377\142\311\146\156\142\311\145\257\220\006\123\330\143\142}{chapter.7}% 56
\BOOKMARK [2][-]{subsection.7.4.1}{\376\377\123\315\157\024\154\325\377\010\165\131\145\160\154\325\377\011}{section.7.4}% 57
\BOOKMARK [2][-]{subsection.7.4.2}{\376\377\220\350\122\006\122\006\137\017\154\325}{section.7.4}% 58
\BOOKMARK [2][-]{subsection.7.4.3}{\376\377\123\167\171\357\154\325}{section.7.4}% 59
\BOOKMARK [1][-]{section.7.5}{\376\377\142\311\146\156\142\311\145\257\123\330\143\142\166\204\136\224\165\050}{chapter.7}% 60
